<?xml version="1.0" encoding="UTF-8"?>
<testng-results skipped="0" failed="0" total="1" passed="1">
  <reporter-output>
  </reporter-output>
  <suite name="Default suite" duration-ms="67779" started-at="2018-06-18T13:04:24Z" finished-at="2018-06-18T13:05:32Z">
    <groups>
    </groups>
    <test name="Default test" duration-ms="67779" started-at="2018-06-18T13:04:24Z" finished-at="2018-06-18T13:05:32Z">
      <class name="com.scp.practiceform.tests.PracticeFormTest">
        <test-method status="PASS" signature="fillPracticeForm()[pri:0, instance:com.scp.practiceform.tests.PracticeFormTest@5b275dab]" name="fillPracticeForm" duration-ms="67702" started-at="2018-06-18T18:34:24Z" finished-at="2018-06-18T18:35:32Z">
          <reporter-output>
          </reporter-output>
        </test-method> <!-- fillPracticeForm -->
      </class> <!-- com.scp.practiceform.tests.PracticeFormTest -->
    </test> <!-- Default test -->
  </suite> <!-- Default suite -->
</testng-results>
